2025-06-17 19:12:41 - Memulai transaksi: TRX20250617191241417 untuk pelanggan: andi
2025-06-17 19:12:41 - Error dalam transaksi: SQLSTATE[42S22]: Column not found: 1054 Unknown column 'harga_satuan' in 'field list'
2025-06-17 19:17:42 - Memulai transaksi: TRX20250617191742704 untuk pelanggan: andi
2025-06-17 19:17:42 - Error dalam transaksi: SQLSTATE[21S01]: Insert value list does not match column list: 1136 Column count doesn't match value count at row 1
2025-06-17 19:18:29 - Memulai transaksi: TRX20250617191829879 untuk pelanggan: andi
2025-06-17 19:18:29 - Error dalam transaksi: SQLSTATE[42S22]: Column not found: 1054 Unknown column 'status_antrian' in 'field list'
2025-06-17 19:20:17 - Memulai transaksi: TRX20250617192017923 untuk pelanggan: andi
2025-06-17 19:20:17 - Error dalam transaksi: SQLSTATE[42S22]: Column not found: 1054 Unknown column 'status_meja' in 'field list'
2025-06-17 19:21:40 - Memulai transaksi: TRX20250617192140795 untuk pelanggan: andi
2025-06-17 19:21:40 - Transaksi berhasil: TRX20250617192140795 dengan total: 25000
2025-06-17 19:23:17 - Memulai transaksi: TRX20250617192317739 untuk pelanggan: nabila
2025-06-17 19:23:17 - Error dalam transaksi: SQLSTATE[23000]: Integrity constraint violation: 1062 Duplicate entry 'PLG2025061' for key 'PRIMARY'
2025-06-17 19:23:32 - Memulai transaksi: TRX20250617192332458 untuk pelanggan: nabila
2025-06-17 19:23:32 - Error dalam transaksi: SQLSTATE[23000]: Integrity constraint violation: 1062 Duplicate entry 'PLG2025061' for key 'PRIMARY'
2025-06-17 19:23:57 - Memulai transaksi: TRX20250617192357331 untuk pelanggan: nabila
2025-06-17 19:23:57 - Error dalam transaksi: SQLSTATE[23000]: Integrity constraint violation: 1062 Duplicate entry 'PLG2025061' for key 'PRIMARY'
2025-06-17 19:24:41 - Memulai transaksi: TRX20250617192441689 untuk pelanggan: nabila
2025-06-17 19:24:41 - Error dalam transaksi: SQLSTATE[23000]: Integrity constraint violation: 1062 Duplicate entry 'PLG2025061' for key 'PRIMARY'
2025-06-17 19:24:48 - Memulai transaksi: TRX20250617192448881 untuk pelanggan: nabila
2025-06-17 19:24:48 - Error dalam transaksi: SQLSTATE[23000]: Integrity constraint violation: 1062 Duplicate entry 'PLG2025061' for key 'PRIMARY'
2025-06-17 19:27:25 - Memulai transaksi: TRX20250617192725667 untuk pelanggan: nabila
2025-06-17 19:27:25 - Error dalam transaksi: SQLSTATE[23000]: Integrity constraint violation: 1062 Duplicate entry 'PLG2025061' for key 'PRIMARY'
2025-06-17 19:32:04 - Memulai transaksi: TRX20250617193204985 untuk pelanggan: nabila
2025-06-17 19:32:04 - Error dalam transaksi: SQLSTATE[23000]: Integrity constraint violation: 1062 Duplicate entry 'PLG2025061' for key 'PRIMARY'
2025-06-17 19:33:15 - Memulai transaksi: TRX20250617193315318 untuk pelanggan: nabila
2025-06-17 19:33:15 - Error dalam transaksi: SQLSTATE[23000]: Integrity constraint violation: 1062 Duplicate entry 'PLG2025061' for key 'PRIMARY'
2025-06-17 19:39:05 - Memulai transaksi: TRX20250617193905202 untuk pelanggan: nabila
2025-06-17 19:39:05 - Error dalam transaksi: SQLSTATE[23000]: Integrity constraint violation: 1062 Duplicate entry 'PLG2025061' for key 'PRIMARY'
2025-06-17 19:39:57 - Memulai transaksi: TRX20250617193957849 untuk pelanggan: nabila
2025-06-17 19:39:57 - Error dalam transaksi: SQLSTATE[23000]: Integrity constraint violation: 1062 Duplicate entry 'PLG2025061' for key 'PRIMARY'
2025-06-17 19:42:11 - Memulai transaksi: TRX20250617194211492 untuk pelanggan: amel
2025-06-17 19:42:11 - Error dalam transaksi: SQLSTATE[23000]: Integrity constraint violation: 1062 Duplicate entry 'PLG2025061' for key 'PRIMARY'
2025-06-17 19:45:28 - Memulai transaksi: TRX20250617194528143 untuk pelanggan: amel
2025-06-17 19:45:28 - Transaksi berhasil: TRX20250617194528143 dengan total: 18000
2025-06-17 19:48:38 - Memulai transaksi: TRX20250617194838559 untuk pelanggan: amel
2025-06-17 19:48:38 - Transaksi berhasil: TRX20250617194838559 dengan total: 26000
2025-06-17 19:50:09 - Memulai transaksi: TRX20250617195009232 untuk pelanggan: fadil
2025-06-17 19:50:09 - Error dalam transaksi: SQLSTATE[23000]: Integrity constraint violation: 1062 Duplicate entry 'PLG2025061' for key 'PRIMARY'
2025-06-17 19:54:53 - Memulai transaksi: TRX20250617195453331 untuk pelanggan: fadil
2025-06-17 19:54:53 - Error dalam transaksi: SQLSTATE[23000]: Integrity constraint violation: 1062 Duplicate entry 'PLG2025061' for key 'PRIMARY'
2025-06-17 20:10:34 - Memulai transaksi: TRX20250617201034149 untuk pelanggan: arrya
2025-06-17 20:10:34 - Error dalam transaksi: SQLSTATE[23000]: Integrity constraint violation: 1452 Cannot add or update a child row: a foreign key constraint fails (`tempat_makan`.`transaksi`, CONSTRAINT `fk_transaksi_pelanggan` FOREIGN KEY (`id_pelanggan`) REFERENCES `pelanggan` (`id_pelanggan`))
2025-06-17 20:31:29 - Memulai transaksi: TRX20250617203129704 untuk pelanggan: arrya
2025-06-17 20:31:29 - Transaksi berhasil: TRX20250617203129704 dengan total: 25000
2025-06-17 20:32:14 - Memulai transaksi: TRX20250617203214786 untuk pelanggan: dodon
2025-06-17 20:32:14 - Error dalam transaksi: SQLSTATE[23000]: Integrity constraint violation: 1062 Duplicate entry 'ORD001' for key 'PRIMARY'
2025-06-17 20:36:53 - Memulai transaksi: TRX20250617203653271 untuk pelanggan: dodon
2025-06-17 20:36:54 - Error dalam transaksi: SQLSTATE[23000]: Integrity constraint violation: 1062 Duplicate entry 'ORD001' for key 'PRIMARY'
2025-06-17 20:38:19 - Memulai transaksi: TRX20250617203819898 untuk pelanggan: ap
2025-06-17 20:38:20 - Transaksi berhasil: TRX20250617203819898 dengan total: 25000
2025-06-17 20:39:44 - Memulai transaksi: TRX20250617203944286 untuk pelanggan: dodon gtg
2025-06-17 20:39:44 - Transaksi berhasil: TRX20250617203944286 dengan total: 90000
2025-06-17 20:43:48 - Memulai transaksi: TRX20250617204348462 untuk pelanggan: messi
2025-06-17 20:43:48 - Transaksi berhasil: TRX20250617204348462 dengan total: 8000
2025-06-17 20:45:47 - Memulai transaksi: TRX20250617204547237 untuk pelanggan: gege
2025-06-17 20:45:47 - Transaksi berhasil: TRX20250617204547237 dengan total: 27000
2025-06-17 20:47:16 - Memulai transaksi: TRX20250617204716496 untuk pelanggan: ff
2025-06-17 20:47:16 - Transaksi berhasil: TRX20250617204716496 dengan total: 81000
2025-06-17 21:21:26 - Memulai transaksi: TRX20250617212126326 untuk pelanggan: ok
2025-06-17 21:21:26 - Transaksi berhasil: TRX20250617212126326 dengan total: 10000
2025-06-17 21:36:12 - Memulai transaksi: TRX20250617213612488 untuk pelanggan: umma
2025-06-17 21:36:12 - Transaksi berhasil: TRX20250617213612488 dengan total: 15000
